<?xml version="1.0" encoding="UTF-8"?>
<!-- Generated by org.testng.reporters.JUnitReportReporter -->
<testsuite skipped="0" hostname="Naresh-HP" name="com.framework.testcases.LoginTC" tests="2" failures="0" timestamp="2020-06-15T01:10:03 PDT" time="3.009" errors="0">
  <testcase name="checkInvalidLogin" time="1.596" classname="com.framework.testcases.LoginTC"/>
  <system-out/>
  <testcase name="checkValidLogin" time="1.413" classname="com.framework.testcases.LoginTC"/>
  <system-out/>
</testsuite> <!-- com.framework.testcases.LoginTC -->
