<?xml version="1.0" encoding="UTF-8"?>
<!-- Generated by org.testng.reporters.JUnitReportReporter -->
<testsuite skipped="0" hostname="Naresh-HP" name="com.tekarch.testcases.CalculatorTC" tests="5" failures="0" timestamp="2020-06-16T10:57:42 PDT" time="1.912" errors="0">
  <testcase name="openCalculatorTab" time="0.146" classname="com.tekarch.testcases.CalculatorTC"/>
  <system-out/>
  <testcase name="checkAddition" time="0.845" classname="com.tekarch.testcases.CalculatorTC"/>
  <system-out/>
  <testcase name="checkSubtraction" time="0.297" classname="com.tekarch.testcases.CalculatorTC"/>
  <system-out/>
  <testcase name="checkMultiplication" time="0.327" classname="com.tekarch.testcases.CalculatorTC"/>
  <system-out/>
  <testcase name="checkDivision" time="0.297" classname="com.tekarch.testcases.CalculatorTC"/>
  <system-out/>
</testsuite> <!-- com.tekarch.testcases.CalculatorTC -->
