<?xml version="1.0" encoding="UTF-8"?>
<!-- Generated by org.testng.reporters.JUnitReportReporter -->
<testsuite skipped="0" hostname="Naresh-HP" name="com.tekarch.testcases.LoginTC" tests="1" failures="0" timestamp="2020-06-16T10:57:42 PDT" time="1.518" errors="0">
  <testcase name="checkValidLogin" time="1.518" classname="com.tekarch.testcases.LoginTC"/>
  <system-out/>
</testsuite> <!-- com.tekarch.testcases.LoginTC -->
